[04:25:44] [ServerMain/INFO]: Environment: authHost='https://authserver.mojang.com', accountsHost='https://api.mojang.com', sessionHost='https://sessionserver.mojang.com', servicesHost='https://api.minecraftservices.com', name='PROD'
[04:25:45] [ServerMain/INFO]: Loaded 7 recipes
[04:25:45] [ServerMain/INFO]: Loaded 1271 advancements
[04:25:46] [Server thread/INFO]: Starting minecraft server version 1.20.1
[04:25:46] [Server thread/INFO]: Loading properties
[04:25:46] [Server thread/INFO]: Default game type: SURVIVAL
[04:25:46] [Server thread/INFO]: Generating keypair
[04:25:46] [Server thread/INFO]: Starting Minecraft server on *:25565
[04:25:46] [Server thread/INFO]: Using epoll channel type
[04:25:46] [Server thread/WARN]: **** SERVER IS RUNNING IN OFFLINE/INSECURE MODE!
[04:25:46] [Server thread/WARN]: The server will make no attempt to authenticate usernames. Beware.
[04:25:46] [Server thread/WARN]: While this makes the game possible to play without internet access, it also opens up the ability for hackers to connect with any username they choose.
[04:25:46] [Server thread/WARN]: To change this, set "online-mode" to "true" in the server.properties file.
[04:25:46] [Server thread/INFO]: Preparing level "world"
[04:25:48] [Server thread/INFO]: Preparing start region for dimension minecraft:overworld
[04:25:51] [Worker-Main-2/INFO]: Preparing spawn area: 0%
[04:25:51] [Worker-Main-2/INFO]: Preparing spawn area: 0%
[04:25:51] [Worker-Main-1/INFO]: Preparing spawn area: 0%
[04:25:51] [Worker-Main-1/INFO]: Preparing spawn area: 0%
[04:25:51] [Worker-Main-1/INFO]: Preparing spawn area: 0%
[04:25:51] [Worker-Main-1/INFO]: Preparing spawn area: 0%
[04:25:51] [Worker-Main-3/INFO]: Preparing spawn area: 0%
[04:25:52] [Worker-Main-1/INFO]: Preparing spawn area: 57%
[04:25:52] [Server thread/INFO]: Time elapsed: 3786 ms
[04:25:52] [Server thread/INFO]: Done (6.316s)! For help, type "help"
[04:26:53] [Server thread/INFO]: Airlux24[/127.162.89.199:48189] logged in with entity id 184 at (-503.08029992199397, 66.0, -691.813333645941)
[04:26:53] [Server thread/INFO]: Airlux24 joined the game
[04:27:19] [Server thread/INFO]: Stopping the server
[04:27:19] [Server thread/INFO]: Stopping server
[04:27:19] [Server thread/INFO]: Saving players
[04:27:19] [Server thread/INFO]: Airlux24 lost connection: Server closed
[04:27:19] [Server thread/INFO]: Airlux24 left the game
[04:27:19] [Server thread/INFO]: Saving worlds
[04:27:20] [Server thread/INFO]: Saving chunks for level 'ServerLevel[world]'/minecraft:overworld
[04:27:21] [Server thread/INFO]: Saving chunks for level 'ServerLevel[world]'/minecraft:the_end
[04:27:21] [Server thread/INFO]: Saving chunks for level 'ServerLevel[world]'/minecraft:the_nether
[04:27:21] [Server thread/INFO]: ThreadedAnvilChunkStorage (world): All chunks are saved
[04:27:21] [Server thread/INFO]: ThreadedAnvilChunkStorage (DIM1): All chunks are saved
[04:27:21] [Server thread/INFO]: ThreadedAnvilChunkStorage (DIM-1): All chunks are saved
[04:27:21] [Server thread/INFO]: ThreadedAnvilChunkStorage: All dimensions are saved
